This file contains any messages produced by compilers while
running configure, to aid debugging if configure makes a mistake.

configure:605: checking host system type
configure:626: checking target system type
configure:644: checking build system type
configure:679: checking for a BSD compatible install
configure:732: checking whether build environment is sane
configure:789: checking whether make sets ${MAKE}
configure:822: checking for Cygwin environment
configure:855: checking for mingw32 environment
configure:955: checking host system type
configure:976: checking target system type
configure:994: checking build system type
configure:1030: checking for working aclocal
configure:1043: checking for working autoconf
configure:1056: checking for working automake
configure:1069: checking for working autoheader
configure:1082: checking for working makeinfo
configure:1108: checking for gcc
configure:1187: checking whether we are using GNU C
configure:1211: checking whether gcc accepts -g
configure:1248: checking for c++
configure:1281: checking whether we are using GNU C++
configure:1305: checking whether c++ accepts -g
configure:1338: checking build system type
configure:1359: checking for as
configure:1391: checking for ar
configure:1423: checking for ranlib
configure:1500: checking for a BSD compatible install
configure:1554: checking whether to enable maintainer-specific portions of Makefiles
configure:1715: checking for ranlib
configure:1754: checking for ld used by GCC
configure:1816: checking if the linker (/usr/bin/ld) is GNU ld
configure:1832: checking for BSD-compatible nm
configure:1868: checking whether ln -s works
ltconfig:603: checking for object suffix
ltconfig:604: gcc -c -g -O2  conftest.c 1>&5
ltconfig:629: checking for executable suffix
ltconfig:630: gcc -o conftest -g -O2   conftest.c  1>&5
ltconfig:776: checking if gcc PIC flag -fPIC works
ltconfig:777: gcc -c -g -O2 -fPIC -DPIC  conftest.c 1>&5
ltconfig:829: checking if gcc supports -c -o file.o
ltconfig:830: gcc -c -g -O2 -o out/conftest2.o  conftest.c 1>&5
ltconfig:862: checking if gcc supports -c -o file.lo
ltconfig:863: gcc -c -g -O2 -c -o conftest.lo  conftest.c 1>&5
ltconfig:914: checking if gcc supports -fno-rtti -fno-exceptions
ltconfig:915: gcc -c -g -O2 -fno-rtti -fno-exceptions -c conftest.c  conftest.c 1>&5
ltconfig:958: checking if gcc static flag -static works
ltconfig:959: gcc -o conftest -g -O2   -static conftest.c  1>&5
GNU ld version 2.11.90.0.8 (with BFD 2.11.90.0.8)
ltconfig:1635: checking if global_symbol_pipe works
ltconfig:1636: gcc -c -g -O2  conftest.c 1>&5
ltconfig:1639: eval "/usr/bin/nm -B conftest.o | sed -n -e 's/^.*[ 	]\([ABCDGISTW]\)[ 	][ 	]*\(\)\([_A-Za-z][_A-Za-z0-9]*\)$/\1 \2\3 \3/p' > conftest.nm"
ltconfig:1691: gcc -o conftest -g -O2 -fno-builtin -fno-rtti -fno-exceptions   conftest.c conftstm.o 1>&5
configure:2072: checking whether to enable maintainer-specific portions of Makefiles
configure:2138: checking for threads package to use
configure:2145: checking for thread model used by GCC
configure:2265: checking for dlopen in -ldl
